<?xml version="1.0" encoding="UTF-8"?>
<testsuite xmlns:xsi="http://www.w3.org/2001/XMLSchema-instance" xsi:noNamespaceSchemaLocation="https://maven.apache.org/surefire/maven-surefire-plugin/xsd/surefire-test-report.xsd" name="nl.han.ica.icss.parser.ParserTest" time="0.085" tests="4" errors="0" skipped="0" failures="2">
  <properties>
    <property name="sun.desktop" value="windows"/>
    <property name="awt.toolkit" value="sun.awt.windows.WToolkit"/>
    <property name="file.encoding.pkg" value="sun.io"/>
    <property name="java.specification.version" value="1.8"/>
    <property name="sun.cpu.isalist" value="amd64"/>
    <property name="sun.jnu.encoding" value="Cp1252"/>
    <property name="java.class.path" value="G:\School\css compiler\ICA-CSS\CSS-Compiler\target\test-classes;G:\School\css compiler\ICA-CSS\CSS-Compiler\target\classes;C:\Users\bas_v\.m2\repository\org\antlr\antlr4-runtime\4.7.1\antlr4-runtime-4.7.1.jar;C:\Users\bas_v\.m2\repository\com\google\guava\guava\23.0\guava-23.0.jar;C:\Users\bas_v\.m2\repository\com\google\code\findbugs\jsr305\1.3.9\jsr305-1.3.9.jar;C:\Users\bas_v\.m2\repository\com\google\errorprone\error_prone_annotations\2.0.18\error_prone_annotations-2.0.18.jar;C:\Users\bas_v\.m2\repository\com\google\j2objc\j2objc-annotations\1.1\j2objc-annotations-1.1.jar;C:\Users\bas_v\.m2\repository\org\codehaus\mojo\animal-sniffer-annotations\1.14\animal-sniffer-annotations-1.14.jar;C:\Users\bas_v\.m2\repository\org\junit\jupiter\junit-jupiter-api\5.1.0\junit-jupiter-api-5.1.0.jar;C:\Users\bas_v\.m2\repository\org\apiguardian\apiguardian-api\1.0.0\apiguardian-api-1.0.0.jar;C:\Users\bas_v\.m2\repository\org\opentest4j\opentest4j\1.0.0\opentest4j-1.0.0.jar;C:\Users\bas_v\.m2\repository\org\junit\platform\junit-platform-commons\1.1.0\junit-platform-commons-1.1.0.jar;C:\Users\bas_v\.m2\repository\org\junit\jupiter\junit-jupiter-engine\5.1.0\junit-jupiter-engine-5.1.0.jar;C:\Users\bas_v\.m2\repository\org\junit\platform\junit-platform-engine\1.1.0\junit-platform-engine-1.1.0.jar;C:\Users\bas_v\.m2\repository\org\junit\vintage\junit-vintage-engine\5.1.0\junit-vintage-engine-5.1.0.jar;C:\Users\bas_v\.m2\repository\junit\junit\4.12\junit-4.12.jar;C:\Users\bas_v\.m2\repository\org\hamcrest\hamcrest-core\1.3\hamcrest-core-1.3.jar;C:\Users\bas_v\.m2\repository\org\junit\platform\junit-platform-launcher\1.1.0\junit-platform-launcher-1.1.0.jar;C:\Users\bas_v\.m2\repository\org\junit\platform\junit-platform-runner\1.1.0\junit-platform-runner-1.1.0.jar;C:\Users\bas_v\.m2\repository\org\junit\platform\junit-platform-suite-api\1.1.0\junit-platform-suite-api-1.1.0.jar;"/>
    <property name="java.vm.vendor" value="Oracle Corporation"/>
    <property name="sun.arch.data.model" value="64"/>
    <property name="user.variant" value=""/>
    <property name="java.vendor.url" value="http://java.oracle.com/"/>
    <property name="user.timezone" value=""/>
    <property name="java.vm.specification.version" value="1.8"/>
    <property name="os.name" value="Windows 10"/>
    <property name="user.country" value="US"/>
    <property name="sun.java.launcher" value="SUN_STANDARD"/>
    <property name="sun.boot.library.path" value="C:\Program Files\Java\jdk1.8.0_181\jre\bin"/>
    <property name="sun.java.command" value="C:\Users\bas_v\AppData\Local\Temp\surefire5931539895810320213\surefirebooter7914612400223058819.jar C:\Users\bas_v\AppData\Local\Temp\surefire5931539895810320213 2018-10-23T17-05-43_051-jvmRun1 surefire4584964756004502430tmp surefire_03798950110942883378tmp"/>
    <property name="surefire.test.class.path" value="G:\School\css compiler\ICA-CSS\CSS-Compiler\target\test-classes;G:\School\css compiler\ICA-CSS\CSS-Compiler\target\classes;C:\Users\bas_v\.m2\repository\org\antlr\antlr4-runtime\4.7.1\antlr4-runtime-4.7.1.jar;C:\Users\bas_v\.m2\repository\com\google\guava\guava\23.0\guava-23.0.jar;C:\Users\bas_v\.m2\repository\com\google\code\findbugs\jsr305\1.3.9\jsr305-1.3.9.jar;C:\Users\bas_v\.m2\repository\com\google\errorprone\error_prone_annotations\2.0.18\error_prone_annotations-2.0.18.jar;C:\Users\bas_v\.m2\repository\com\google\j2objc\j2objc-annotations\1.1\j2objc-annotations-1.1.jar;C:\Users\bas_v\.m2\repository\org\codehaus\mojo\animal-sniffer-annotations\1.14\animal-sniffer-annotations-1.14.jar;C:\Users\bas_v\.m2\repository\org\junit\jupiter\junit-jupiter-api\5.1.0\junit-jupiter-api-5.1.0.jar;C:\Users\bas_v\.m2\repository\org\apiguardian\apiguardian-api\1.0.0\apiguardian-api-1.0.0.jar;C:\Users\bas_v\.m2\repository\org\opentest4j\opentest4j\1.0.0\opentest4j-1.0.0.jar;C:\Users\bas_v\.m2\repository\org\junit\platform\junit-platform-commons\1.1.0\junit-platform-commons-1.1.0.jar;C:\Users\bas_v\.m2\repository\org\junit\jupiter\junit-jupiter-engine\5.1.0\junit-jupiter-engine-5.1.0.jar;C:\Users\bas_v\.m2\repository\org\junit\platform\junit-platform-engine\1.1.0\junit-platform-engine-1.1.0.jar;C:\Users\bas_v\.m2\repository\org\junit\vintage\junit-vintage-engine\5.1.0\junit-vintage-engine-5.1.0.jar;C:\Users\bas_v\.m2\repository\junit\junit\4.12\junit-4.12.jar;C:\Users\bas_v\.m2\repository\org\hamcrest\hamcrest-core\1.3\hamcrest-core-1.3.jar;C:\Users\bas_v\.m2\repository\org\junit\platform\junit-platform-launcher\1.1.0\junit-platform-launcher-1.1.0.jar;C:\Users\bas_v\.m2\repository\org\junit\platform\junit-platform-runner\1.1.0\junit-platform-runner-1.1.0.jar;C:\Users\bas_v\.m2\repository\org\junit\platform\junit-platform-suite-api\1.1.0\junit-platform-suite-api-1.1.0.jar;"/>
    <property name="sun.cpu.endian" value="little"/>
    <property name="user.home" value="C:\Users\bas_v"/>
    <property name="user.language" value="en"/>
    <property name="java.specification.vendor" value="Oracle Corporation"/>
    <property name="java.home" value="C:\Program Files\Java\jdk1.8.0_181\jre"/>
    <property name="basedir" value="G:\School\css compiler\ICA-CSS\CSS-Compiler"/>
    <property name="file.separator" value="\"/>
    <property name="line.separator" value="&#10;"/>
    <property name="java.vm.specification.vendor" value="Oracle Corporation"/>
    <property name="java.specification.name" value="Java Platform API Specification"/>
    <property name="java.awt.graphicsenv" value="sun.awt.Win32GraphicsEnvironment"/>
    <property name="surefire.real.class.path" value="C:\Users\bas_v\AppData\Local\Temp\surefire5931539895810320213\surefirebooter7914612400223058819.jar"/>
    <property name="sun.boot.class.path" value="C:\Program Files\Java\jdk1.8.0_181\jre\lib\resources.jar;C:\Program Files\Java\jdk1.8.0_181\jre\lib\rt.jar;C:\Program Files\Java\jdk1.8.0_181\jre\lib\sunrsasign.jar;C:\Program Files\Java\jdk1.8.0_181\jre\lib\jsse.jar;C:\Program Files\Java\jdk1.8.0_181\jre\lib\jce.jar;C:\Program Files\Java\jdk1.8.0_181\jre\lib\charsets.jar;C:\Program Files\Java\jdk1.8.0_181\jre\lib\jfr.jar;C:\Program Files\Java\jdk1.8.0_181\jre\classes"/>
    <property name="user.script" value=""/>
    <property name="sun.management.compiler" value="HotSpot 64-Bit Tiered Compilers"/>
    <property name="java.runtime.version" value="1.8.0_181-b13"/>
    <property name="user.name" value="bas_v"/>
    <property name="path.separator" value=";"/>
    <property name="os.version" value="10.0"/>
    <property name="java.endorsed.dirs" value="C:\Program Files\Java\jdk1.8.0_181\jre\lib\endorsed"/>
    <property name="java.runtime.name" value="Java(TM) SE Runtime Environment"/>
    <property name="file.encoding" value="Cp1252"/>
    <property name="java.vm.name" value="Java HotSpot(TM) 64-Bit Server VM"/>
    <property name="localRepository" value="C:\Users\bas_v\.m2\repository"/>
    <property name="java.vendor.url.bug" value="http://bugreport.sun.com/bugreport/"/>
    <property name="java.io.tmpdir" value="C:\Users\bas_v\AppData\Local\Temp\"/>
    <property name="java.version" value="1.8.0_181"/>
    <property name="user.dir" value="G:\School\css compiler\ICA-CSS\CSS-Compiler"/>
    <property name="os.arch" value="amd64"/>
    <property name="java.vm.specification.name" value="Java Virtual Machine Specification"/>
    <property name="java.awt.printerjob" value="sun.awt.windows.WPrinterJob"/>
    <property name="sun.os.patch.level" value=""/>
    <property name="java.library.path" value="C:\Program Files\Java\jdk1.8.0_181\jre\bin;C:\Windows\Sun\Java\bin;C:\Windows\system32;C:\Windows;C:\Users\bas_v\AppData\Local\Programs\Python\Python36;C:\Users\bas_v\AppData\Local\Programs\Python\Python36/Scripts;C:\Program Files\Java\jdk1.8.0_181/bin;C:\Program Files\Java\apache-maven-3.5.4/bin;C:\Program Files (x86)\Razer Chroma SDK\bin;C:\Program Files\Razer Chroma SDK\bin;C:\Program Files (x86)\Common Files\Oracle\Java\javapath;C:\Windows\system32;C:\Windows;C:\Windows\System32\Wbem;C:\Windows\System32\WindowsPowerShell\v1.0\;C:\Windows\System32\OpenSSH\;C:\Program Files\Microsoft VS Code\bin;C:\Program Files (x86)\NVIDIA Corporation\PhysX\Common;C:\Users\bas_v\AppData\Local\Microsoft\WindowsApps;G:\Git\cmd;C:\Program Files (x86)\scala\bin;C:\Program Files (x86)\sbt\bin;C:\Users\bas_v\AppData\Local\Programs\Python\Python36\Scripts\;C:\Users\bas_v\AppData\Local\Programs\Python\Python36\;C:\Users\bas_v\AppData\Local\Microsoft\WindowsApps;;."/>
    <property name="java.vm.info" value="mixed mode"/>
    <property name="java.vendor" value="Oracle Corporation"/>
    <property name="java.vm.version" value="25.181-b13"/>
    <property name="java.ext.dirs" value="C:\Program Files\Java\jdk1.8.0_181\jre\lib\ext;C:\Windows\Sun\Java\lib\ext"/>
    <property name="sun.io.unicode.encoding" value="UnicodeLittle"/>
    <property name="java.class.version" value="52.0"/>
  </properties>
  <testcase name="testParseLevel0" classname="nl.han.ica.icss.parser.ParserTest" time="0.062"/>
  <testcase name="testParseLevel1" classname="nl.han.ica.icss.parser.ParserTest" time="0.004"/>
  <testcase name="testParseLevel2" classname="nl.han.ica.icss.parser.ParserTest" time="0.012">
    <failure message="expected: &lt;[Stylesheet|[VariableAssignment (LinkColor)|[VariableReference (LinkColor)|][Color literal (#ff0000)|]][VariableAssignment (ParWidth)|[VariableReference (ParWidth)|][Pixel literal (500)|]][Stylerule|[TagSelector p|][Declaration|[Property: (background-color)|][Color literal (#ffffff)|]][Declaration|[Property: (width)|][VariableReference (ParWidth)|]]][Stylerule|[TagSelector a|][Declaration|[Property: (color)|][VariableReference (LinkColor)|]]][Stylerule|[IdSelector #menu|][Declaration|[Property: (width)|][Add|[VariableReference (ParWidth)|][Multiply|[Scalar literal (2)|][Pixel literal (10)|]]]]][Stylerule|[ClassSelector .menu|][Declaration|[Property: (color)|][Color literal (#000000)|]]]]&gt; but was: &lt;[Stylesheet|[VariableAssignment (LinkColor)|[VariableReference (LinkColor)|][Color literal (#ff0000)|]][VariableAssignment (ParWidth)|[VariableReference (ParWidth)|][Pixel literal (500)|]][Stylerule|[TagSelector p|][Declaration|[Property: (background-color)|][Color literal (#ffffff)|]][Declaration|[Property: (width)|][VariableReference (ParWidth)|]]][Stylerule|[TagSelector a|][Declaration|[Property: (color)|][VariableReference (LinkColor)|]]][Stylerule|[IdSelector #menu|][Declaration|[Property: (width)|][Add|[VariableReference (ParWidth)|][VariableReference (ParWidth)|]]]][Stylerule|[ClassSelector .menu|][Declaration|[Property: (color)|][Color literal (#000000)|]]]]&gt;" type="org.opentest4j.AssertionFailedError">org.opentest4j.AssertionFailedError: expected: &lt;[Stylesheet|[VariableAssignment (LinkColor)|[VariableReference (LinkColor)|][Color literal (#ff0000)|]][VariableAssignment (ParWidth)|[VariableReference (ParWidth)|][Pixel literal (500)|]][Stylerule|[TagSelector p|][Declaration|[Property: (background-color)|][Color literal (#ffffff)|]][Declaration|[Property: (width)|][VariableReference (ParWidth)|]]][Stylerule|[TagSelector a|][Declaration|[Property: (color)|][VariableReference (LinkColor)|]]][Stylerule|[IdSelector #menu|][Declaration|[Property: (width)|][Add|[VariableReference (ParWidth)|][Multiply|[Scalar literal (2)|][Pixel literal (10)|]]]]][Stylerule|[ClassSelector .menu|][Declaration|[Property: (color)|][Color literal (#000000)|]]]]&gt; but was: &lt;[Stylesheet|[VariableAssignment (LinkColor)|[VariableReference (LinkColor)|][Color literal (#ff0000)|]][VariableAssignment (ParWidth)|[VariableReference (ParWidth)|][Pixel literal (500)|]][Stylerule|[TagSelector p|][Declaration|[Property: (background-color)|][Color literal (#ffffff)|]][Declaration|[Property: (width)|][VariableReference (ParWidth)|]]][Stylerule|[TagSelector a|][Declaration|[Property: (color)|][VariableReference (LinkColor)|]]][Stylerule|[IdSelector #menu|][Declaration|[Property: (width)|][Add|[VariableReference (ParWidth)|][VariableReference (ParWidth)|]]]][Stylerule|[ClassSelector .menu|][Declaration|[Property: (color)|][Color literal (#000000)|]]]]&gt;	at nl.han.ica.icss.parser.ParserTest.testParseLevel2(ParserTest.java:75)</failure>
  </testcase>
  <testcase name="testParseLevel3" classname="nl.han.ica.icss.parser.ParserTest" time="0.002">
    <failure type="org.opentest4j.AssertionFailedError:">org.opentest4j.AssertionFailedError: 
	at nl.han.ica.icss.parser.ParserTest.parseTestFile(ParserTest.java:50)
	at nl.han.ica.icss.parser.ParserTest.testParseLevel3(ParserTest.java:80)
</failure>
  </testcase>
</testsuite>